<?xml version="1.0" encoding="UTF-8"?>
<!-- Generated by org.testng.reporters.JUnitXMLReporter -->
<testsuite ignored="7" hostname="AVNRED666-PC" failures="0" tests="6" name="Testing Alerts and Popups" time="0.025" errors="0" timestamp="2021-12-15T13:39:58 IST">
  <testcase classname="base.BaseTests" name="@BeforeMethod openBrowser" time="0.001">
    <failure type="java.lang.NullPointerException" message="Cannot invoke &amp;quot;org.openqa.selenium.WebDriver.get(String)&amp;quot; because &amp;quot;this.driver&amp;quot; is null">
      <![CDATA[java.lang.NullPointerException: Cannot invoke "org.openqa.selenium.WebDriver.get(String)" because "this.driver" is null
at base.BaseTests.openBrowser(BaseTests.java:39)
at java.base/java.util.concurrent.ThreadPoolExecutor.runWorker(ThreadPoolExecutor.java:1130)
at java.base/java.util.concurrent.ThreadPoolExecutor$Worker.run(ThreadPoolExecutor.java:630)
at java.base/java.lang.Thread.run(Thread.java:832)
... Removed 16 stack frames]]>
    </failure>
  </testcase> <!-- @BeforeMethod openBrowser -->
  <testcase classname="base.BaseTests" name="@BeforeMethod openBrowser" time="0.001">
    <failure type="java.lang.NullPointerException" message="Cannot invoke &amp;quot;org.openqa.selenium.WebDriver.get(String)&amp;quot; because &amp;quot;this.driver&amp;quot; is null">
      <![CDATA[java.lang.NullPointerException: Cannot invoke "org.openqa.selenium.WebDriver.get(String)" because "this.driver" is null
at base.BaseTests.openBrowser(BaseTests.java:39)
at java.base/java.util.concurrent.ThreadPoolExecutor.runWorker(ThreadPoolExecutor.java:1130)
at java.base/java.util.concurrent.ThreadPoolExecutor$Worker.run(ThreadPoolExecutor.java:630)
at java.base/java.lang.Thread.run(Thread.java:832)
... Removed 16 stack frames]]>
    </failure>
  </testcase> <!-- @BeforeMethod openBrowser -->
  <testcase classname="base.BaseTests" name="@AfterMethod closeBrowser" time="-1.639555798026E9">
    <skipped/>
  </testcase> <!-- @AfterMethod closeBrowser -->
  <testcase classname="base.BaseTests" name="@AfterMethod closeBrowser" time="-1.639555798026E9">
    <skipped/>
  </testcase> <!-- @AfterMethod closeBrowser -->
  <testcase classname="base.BaseTests" name="@AfterMethod recordScreenshot" time="-1.639555798026E9">
    <skipped/>
  </testcase> <!-- @AfterMethod recordScreenshot -->
  <testcase classname="base.BaseTests" name="@AfterMethod recordScreenshot" time="-1.639555798026E9">
    <skipped/>
  </testcase> <!-- @AfterMethod recordScreenshot -->
  <testcase classname="base.BaseTests" name="@BeforeMethod openBrowser" time="0.0">
    <failure type="java.lang.NullPointerException" message="Cannot invoke &amp;quot;org.openqa.selenium.WebDriver.get(String)&amp;quot; because &amp;quot;this.driver&amp;quot; is null">
      <![CDATA[java.lang.NullPointerException: Cannot invoke "org.openqa.selenium.WebDriver.get(String)" because "this.driver" is null
at base.BaseTests.openBrowser(BaseTests.java:39)
at java.base/java.util.concurrent.ThreadPoolExecutor.runWorker(ThreadPoolExecutor.java:1130)
at java.base/java.util.concurrent.ThreadPoolExecutor$Worker.run(ThreadPoolExecutor.java:630)
at java.base/java.lang.Thread.run(Thread.java:832)
... Removed 16 stack frames]]>
    </failure>
  </testcase> <!-- @BeforeMethod openBrowser -->
  <testcase classname="base.BaseTests" name="@AfterMethod closeBrowser" time="-1.639555798028E9">
    <skipped/>
  </testcase> <!-- @AfterMethod closeBrowser -->
  <testcase classname="base.BaseTests" name="@AfterMethod recordScreenshot" time="-1.639555798028E9">
    <skipped/>
  </testcase> <!-- @AfterMethod recordScreenshot -->
  <testcase classname="base.BaseTests" name="@BeforeMethod openBrowser" time="-1.639555798028E9">
    <skipped/>
  </testcase> <!-- @BeforeMethod openBrowser -->
  <testcase classname="base.BaseTests" name="@AfterMethod closeBrowser" time="-1.639555798028E9">
    <skipped/>
  </testcase> <!-- @AfterMethod closeBrowser -->
  <testcase classname="base.BaseTests" name="@AfterMethod recordScreenshot" time="-1.639555798028E9">
    <skipped/>
  </testcase> <!-- @AfterMethod recordScreenshot -->
  <testcase classname="base.BaseTests" name="@BeforeMethod openBrowser" time="0.001">
    <failure type="java.lang.NullPointerException" message="Cannot invoke &amp;quot;org.openqa.selenium.WebDriver.get(String)&amp;quot; because &amp;quot;this.driver&amp;quot; is null">
      <![CDATA[java.lang.NullPointerException: Cannot invoke "org.openqa.selenium.WebDriver.get(String)" because "this.driver" is null
at base.BaseTests.openBrowser(BaseTests.java:39)
at java.base/java.util.concurrent.ThreadPoolExecutor.runWorker(ThreadPoolExecutor.java:1130)
at java.base/java.util.concurrent.ThreadPoolExecutor$Worker.run(ThreadPoolExecutor.java:630)
at java.base/java.lang.Thread.run(Thread.java:832)
... Removed 16 stack frames]]>
    </failure>
  </testcase> <!-- @BeforeMethod openBrowser -->
  <testcase classname="base.BaseTests" name="@AfterMethod closeBrowser" time="-1.639555798031E9">
    <skipped/>
  </testcase> <!-- @AfterMethod closeBrowser -->
  <testcase classname="base.BaseTests" name="@AfterMethod recordScreenshot" time="-1.639555798031E9">
    <skipped/>
  </testcase> <!-- @AfterMethod recordScreenshot -->
  <testcase classname="alerts.AlertsTests" name="testJSAlert" time="0.0">
    <skipped/>
  </testcase> <!-- testJSAlert -->
  <testcase classname="alerts.FileUploadTests" name="testFileUpload" time="0.0">
    <skipped/>
  </testcase> <!-- testFileUpload -->
  <testcase classname="dropdown.DropdownTests" name="testDropdownSelectedOption" time="0.0">
    <skipped/>
  </testcase> <!-- testDropdownSelectedOption -->
  <testcase classname="dropdown.DropdownTests" name="testDropdownMultiSelect" time="0.0">
    <skipped/>
  </testcase> <!-- testDropdownMultiSelect -->
  <testcase classname="alerts.AlertsTests" name="testJSConfirm" time="0.0">
    <skipped/>
  </testcase> <!-- testJSConfirm -->
  <testcase classname="login.LoginTests" name="testSuccessfulLogin" time="0.0">
    <skipped/>
  </testcase> <!-- testSuccessfulLogin -->
  <testcase classname="alerts.AlertsTests" name="testJSPrompt" time="0.0">
    <ignored/>
  </testcase> <!-- testJSPrompt -->
  <testcase classname="base.BaseTests" name="@BeforeSuite setUp" time="0.0">
    <ignored/>
  </testcase> <!-- @BeforeSuite setUp -->
  <testcase classname="base.BaseTests" name="@BeforeSuite setUp" time="0.0">
    <ignored/>
  </testcase> <!-- @BeforeSuite setUp -->
  <testcase classname="base.BaseTests" name="@BeforeSuite setUp" time="0.0">
    <ignored/>
  </testcase> <!-- @BeforeSuite setUp -->
  <testcase classname="base.BaseTests" name="@AfterSuite tearDown" time="0.0">
    <ignored/>
  </testcase> <!-- @AfterSuite tearDown -->
  <testcase classname="base.BaseTests" name="@AfterSuite tearDown" time="0.0">
    <ignored/>
  </testcase> <!-- @AfterSuite tearDown -->
  <testcase classname="base.BaseTests" name="@AfterSuite tearDown" time="0.0">
    <ignored/>
  </testcase> <!-- @AfterSuite tearDown -->
</testsuite> <!-- Testing Alerts and Popups -->
